Arguments: 
  C:\Program Files\nodejs\node.exe C:\Users\guh-s\AppData\Roaming\npm\node_modules\yarn\bin\yarn.js

PATH: 
  C:\Program Files\PowerShell\7;C:\Windows\system32;C:\Windows;C:\Windows\System32\Wbem;C:\Windows\System32\WindowsPowerShell\v1.0\;C:\Windows\System32\OpenSSH\;C:\Program Files\NVIDIA Corporation\NVIDIA NvDLISR;C:\Program Files\Git\cmd;C:\WINDOWS\system32;C:\WINDOWS;C:\WINDOWS\System32\Wbem;C:\WINDOWS\System32\WindowsPowerShell\v1.0\;C:\WINDOWS\System32\OpenSSH\;C:\Program Files (x86)\Microsoft SQL Server\Client SDK\ODBC\110\Tools\Binn\;C:\Program Files (x86)\Microsoft SQL Server\120\Tools\Binn\;C:\Program Files (x86)\Microsoft SQL Server\120\DTS\Binn\;C:\Program Files (x86)\Microsoft SQL Server\150\DTS\Binn\;C:\Program Files\Azure Data Studio\bin;C:\Program Files\dotnet\;C:\Program Files (x86)\Microsoft SQL Server\150\Tools\Binn\;C:\Program Files\Microsoft SQL Server\150\Tools\Binn\;C:\Program Files\Microsoft SQL Server\150\DTS\Binn\;C:\Program Files\Microsoft SQL Server\Client SDK\ODBC\170\Tools\Binn\;C:\Program Files (x86)\NVIDIA Corporation\PhysX\Common;C:\Program Files\Docker\Docker\resources\bin;C:\ProgramData\DockerDesktop\version-bin;C:\WINDOWS\system32;C:\WINDOWS;C:\WINDOWS\System32\Wbem;C:\WINDOWS\System32\WindowsPowerShell\v1.0\;C:\WINDOWS\System32\OpenSSH\;C:\Program Files\PowerShell\7\;C:\Program Files\RedHat\java-1.8.0-openjdk-1.8.0.352-2\bin;C:\Program Files\RedHat\java-1.8.0-openjdk-1.8.0.352-2\jre\bin;C:\Program Files\nodejs\;C:\Users\guh-s\AppData\Local\pnpm;C:\Users\guh-s\AppData\Local\Microsoft\WindowsApps;C:\Users\guh-s\AppData\Local\Programs\Microsoft VS Code\bin;C:\Program Files\Azure Data Studio\bin;C:\Users\guh-s\AppData\Local\gitkraken\bin;C:\Users\guh-s\.dotnet\tools;C:\Users\guh-s\AppData\Local\Microsoft\WindowsApps;C:\Users\guh-s\AppData\Roaming\npm

Yarn version: 
  1.22.19

Node version: 
  19.4.0

Platform: 
  win32 x64

Trace: 
  Error: EPERM: operation not permitted, unlink 'C:\Users\guh-s\OneDrive\Documentos\Git Repos\nlw-setup\node_modules\@next\swc-win32-x64-msvc\next-swc.win32-x64-msvc.node'

npm manifest: 
  {
    "name": "nlw-setup",
    "version": "1.0.0",
    "private": true,
    "description": "MonoRepo for NLW-Setup",
    "scripts": {
      "compile": "tsc -b -w -i",
      "web:dev": "cd ./packages/client && yarn dev",
      "server:dev": "cd ./packages/server && yarn server"
    },
    "repository": "git+https://github.com/iamgriffon/nlw-setup.git",
    "author": "iamgriffon",
    "bugs": {
      "url": "https://github.com/iamgriffon/nlw-setup/issues"
    },
    "homepage": "https://github.com/iamgriffon/nlw-setup#readme",
    "workspaces": [
      "packages/*"
    ],
    "dependencies": {
      "typescript": "^4.9.4",
      "zod": "^3.20.2"
    },
    "devDependencies": {
      "@types/node": "18.11.18",
      "@types/react": "18.0.26",
      "autoprefixer": "^10.4.13",
      "postcss": "^8.4.21",
      "tailwindcss": "^3.2.4"
    },
    "main": "index.js",
    "license": "MIT"
  }

yarn manifest: 
  No manifest

Lockfile: 
  No lockfile
